[LOG] System::create                           : Header version = 2.01.11. Current version = 2.01.11.
[LOG] Manager::init                            : maxchannels = 256 studioflags = 00000006 flags 00000000 extradriverdata 0000000000000000.
[LOG] SystemI::init                            : Initialize version=20111 (118066), maxchannels=256, flags=0x00020000
[LOG] SystemI::setOutputInternal               : Setting output to 'FMOD WASAPI Output'
[LOG] OutputWASAPI::init                       : Mix Format (WAVEFORMATEX): wFormatTag=0xFFFE, nChannels=2, nSamplesPerSec=48000, nAvgBytesPerSec=384000, nBlockAlign=8, wBitsPerSample=32, cbSize=22.
[LOG] OutputWASAPI::init                       : Mix Format (WAVEFORMATEXTENSIBLE): wValidBitsPerSample=32, dwChannelMask=0x00000003, SubFormat=00000003-0000-0010-8000-00AA00389B71.
[LOG] OutputWASAPI::init                       : Output buffer size: 4096 samples, latency: 0.00ms, period: 10.00ms, DSP buffer: 1024 * 4
[LOG] Thread::initThread                       : Init FMOD stream thread. Affinity: 0x8000000000000003, Priority: 0xFFFF7FFB, Stack Size: 98304, Semaphore: No, Sleep Time: 10, Looping: Yes.
[LOG] Thread::initThread                       : Init FMOD mixer thread. Affinity: 0x8000000000000001, Priority: 0xFFFF7FFA, Stack Size: 81920, Semaphore: No, Sleep Time: 0, Looping: Yes.
[LOG] AsyncManager::init                       : manager 000001A51D1EA608 isAsync 0 updatePeriod 0.02
[LOG] AsyncManager::init                       : done
[LOG] PlaybackSystem::init                     : 
[LOG] Thread::initThread                       : Init FMOD Studio sample load thread. Affinity: 0x8000000000000003, Priority: 0xFFFF7FFD, Stack Size: 98304, Semaphore: No, Sleep Time: 1, Looping: No.
[LOG] PlaybackSystem::init                     : done
[LOG] Thread::initThread                       : Init FMOD Studio bank load thread. Affinity: 0x8000000000000003, Priority: 0xFFFF7FFD, Stack Size: 98304, Semaphore: No, Sleep Time: 1, Looping: No.
[LOG] Manager::init                            : done.
[LOG] Manager::readBank                        : fileversion = 135, compatVersion = 132 (oldest = 44, newest = 135)
[LOG] Manager::readBank                        : fileversion = 135, compatVersion = 132 (oldest = 44, newest = 135)
[LOG] Manager::readBank                        : fileversion = 135, compatVersion = 132 (oldest = 44, newest = 135)
[LOG] PlaybackSystem::acquireMasterBus         : Setting master channel group format to 6
[LOG] SystemI::createSound                     : filename = Assets/Plugins/FMOD/Resources/lawnmowerhero/Build/Desktop/Master.bank : mode 02010082
[LOG] SystemI::createSound                     : FMOD_NONBLOCKING specified.  Putting into queue to be opened asynchronously!
[LOG] SystemI::createSound                     : setdata soundi = 000001A56826A298 : node = 000001A436AFEA90
[LOG] SystemI::createSound                     : add node to async list : head = 000001A18DF37108.  list count = 0
[LOG] AsyncThread::threadFunc                  : Starting Asynchronous operation on sound 000001A56826A298
[LOG] SystemI::createSoundInternal             :     Create name='Assets/Plugins/FMOD/Resources/lawnmowerhero/Build/Desktop/Master.bank', mode=0x02010082
[LOG] SystemI::createSoundInternal             :     exinfo->cbsize             = 224
[LOG] SystemI::createSoundInternal             :     exinfo->length             = 1731840
[LOG] SystemI::createSoundInternal             :     exinfo->fileoffset         = 13728
[LOG] SystemI::createSoundInternal             :     exinfo->numsubsounds       = 1
[LOG] SystemI::createSoundInternal             :     exinfo->inclusionlist      = 000001A436AFEBA0
[LOG] SystemI::createSoundInternal             :     exinfo->inclusionlistnum   = 1
[LOG] SystemI::createSoundInternal             :     exinfo->suggestedsoundtype = 5
[LOG] SystemI::createSoundInternal             :     exinfo->initialseekpostype = 1
[LOG] SystemI::createSoundInternal             :     Stream 0/1: name='cruising star (basic)', format=5, channels=2, frequency=48000, lengthbytes=360192, lengthpcm=1316572, pcmblocksize=0, loopstart=0, loopend=0, mode=0x00000000, channelmask=0x00000000, channelorder=0, peakvolume=1.000000.
[LOG] AsyncThread::threadFunc                  : Finished Asynchronous operation on sound 000001A56826A298
[LOG] SoundI::release                          : cruising star (basic) (000001A56826A958)
[LOG] SoundI::release                          :     cruising star (basic) (000001A567D42378)
[LOG] SoundI::release                          :     cruising star (basic) (000001A532007FA8)
[LOG] SystemI::createSound                     : filename = Assets/Plugins/FMOD/Resources/lawnmowerhero/Build/Desktop/Master.bank : mode 02010082
[LOG] SystemI::createSound                     : FMOD_NONBLOCKING specified.  Putting into queue to be opened asynchronously!
[LOG] SystemI::createSound                     : setdata soundi = 000001A4E383DEE8 : node = 000001A51CE957B0
[LOG] SystemI::createSound                     : add node to async list : head = 000001A18DF37108.  list count = 0
[LOG] AsyncThread::threadFunc                  : Starting Asynchronous operation on sound 000001A4E383DEE8
[LOG] SystemI::createSoundInternal             :     Create name='Assets/Plugins/FMOD/Resources/lawnmowerhero/Build/Desktop/Master.bank', mode=0x02010082
[LOG] SystemI::createSoundInternal             :     exinfo->cbsize             = 224
[LOG] SystemI::createSoundInternal             :     exinfo->length             = 1731840
[LOG] SystemI::createSoundInternal             :     exinfo->fileoffset         = 13728
[LOG] SystemI::createSoundInternal             :     exinfo->numsubsounds       = 1
[LOG] SystemI::createSoundInternal             :     exinfo->inclusionlist      = 000001A51CE958C0
[LOG] SystemI::createSoundInternal             :     exinfo->inclusionlistnum   = 1
[LOG] SystemI::createSoundInternal             :     exinfo->suggestedsoundtype = 5
[LOG] SystemI::createSoundInternal             :     exinfo->initialseekpostype = 1
[LOG] SystemI::createSoundInternal             :     Stream 0/1: name='cruising star (basic)', format=5, channels=2, frequency=48000, lengthbytes=360192, lengthpcm=1316572, pcmblocksize=0, loopstart=0, loopend=0, mode=0x00000000, channelmask=0x00000000, channelorder=0, peakvolume=1.000000.
[LOG] AsyncThread::threadFunc                  : Finished Asynchronous operation on sound 000001A4E383DEE8
[LOG] SoundI::release                          : cruising star (basic) (000001A56826A298)
[LOG] SoundI::release                          :     cruising star (basic) (000001A4E35CC0A8)
[LOG] SoundI::release                          :     cruising star (basic) (000001A4E383DD38)
[LOG] SoundI::release                          : cruising star (basic) (000001A4E383DEE8)
[LOG] SoundI::release                          :     cruising star (basic) (000001A51B1AC3B8)
[LOG] SoundI::release                          :     cruising star (basic) (000001A40878E3D8)
[LOG] SystemI::createSound                     : filename = Assets/Plugins/FMOD/Resources/lawnmowerhero/Build/Desktop/Master.bank : mode 02010082
[LOG] SystemI::createSound                     : FMOD_NONBLOCKING specified.  Putting into queue to be opened asynchronously!
[LOG] SystemI::createSound                     : setdata soundi = 000001A565CFBDD8 : node = 000001A566318240
[LOG] SystemI::createSound                     : add node to async list : head = 000001A18DF37108.  list count = 0
[LOG] AsyncThread::threadFunc                  : Starting Asynchronous operation on sound 000001A565CFBDD8
[LOG] SystemI::createSoundInternal             :     Create name='Assets/Plugins/FMOD/Resources/lawnmowerhero/Build/Desktop/Master.bank', mode=0x02010082
[LOG] SystemI::createSoundInternal             :     exinfo->cbsize             = 224
[LOG] SystemI::createSoundInternal             :     exinfo->length             = 1731840
[LOG] SystemI::createSoundInternal             :     exinfo->fileoffset         = 13728
[LOG] SystemI::createSoundInternal             :     exinfo->numsubsounds       = 1
[LOG] SystemI::createSoundInternal             :     exinfo->inclusionlist      = 000001A566318350
[LOG] SystemI::createSoundInternal             :     exinfo->inclusionlistnum   = 1
[LOG] SystemI::createSoundInternal             :     exinfo->suggestedsoundtype = 5
[LOG] SystemI::createSoundInternal             :     exinfo->initialseekpostype = 1
[LOG] SystemI::createSoundInternal             :     Stream 0/1: name='Alien deep house (basic)', format=5, channels=2, frequency=48000, lengthbytes=410496, lengthpcm=1440000, pcmblocksize=0, loopstart=0, loopend=0, mode=0x00000000, channelmask=0x00000000, channelorder=0, peakvolume=1.000000.
[LOG] AsyncThread::threadFunc                  : Finished Asynchronous operation on sound 000001A565CFBDD8
[LOG] SystemI::createSound                     : filename = Assets/Plugins/FMOD/Resources/lawnmowerhero/Build/Desktop/Master.bank : mode 02010082
[LOG] SystemI::createSound                     : FMOD_NONBLOCKING specified.  Putting into queue to be opened asynchronously!
[LOG] SystemI::createSound                     : setdata soundi = 000001A4B5FF3098 : node = 000001A376AE8470
[LOG] SystemI::createSound                     : add node to async list : head = 000001A18DF37108.  list count = 0
[LOG] AsyncThread::threadFunc                  : Starting Asynchronous operation on sound 000001A4B5FF3098
[LOG] SystemI::createSoundInternal             :     Create name='Assets/Plugins/FMOD/Resources/lawnmowerhero/Build/Desktop/Master.bank', mode=0x02010082
[LOG] SystemI::createSoundInternal             :     exinfo->cbsize             = 224
[LOG] SystemI::createSoundInternal             :     exinfo->length             = 1731840
[LOG] SystemI::createSoundInternal             :     exinfo->fileoffset         = 13728
[LOG] SystemI::createSoundInternal             :     exinfo->numsubsounds       = 1
[LOG] SystemI::createSoundInternal             :     exinfo->inclusionlist      = 000001A376AE8580
[LOG] SystemI::createSoundInternal             :     exinfo->inclusionlistnum   = 1
[LOG] SystemI::createSoundInternal             :     exinfo->suggestedsoundtype = 5
[LOG] SystemI::createSoundInternal             :     exinfo->initialseekpostype = 1
[LOG] SystemI::createSoundInternal             :     Stream 0/1: name='Alien deep house (basic)', format=5, channels=2, frequency=48000, lengthbytes=410496, lengthpcm=1440000, pcmblocksize=0, loopstart=0, loopend=0, mode=0x00000000, channelmask=0x00000000, channelorder=0, peakvolume=1.000000.
[LOG] AsyncThread::threadFunc                  : Finished Asynchronous operation on sound 000001A4B5FF3098
[LOG] SoundI::release                          : Alien deep house (basic) (000001A565CFBDD8)
[LOG] SoundI::release                          :     Alien deep house (basic) (000001A42E4E2BD8)
[LOG] SoundI::release                          :     Alien deep house (basic) (000001A565C20DB8)
[LOG] SystemI::createSound                     : filename = Assets/Plugins/FMOD/Resources/lawnmowerhero/Build/Desktop/Master.bank : mode 02010082
[LOG] SystemI::createSound                     : FMOD_NONBLOCKING specified.  Putting into queue to be opened asynchronously!
[LOG] SystemI::createSound                     : setdata soundi = 000001A565C20DB8 : node = 000001A5661DC240
[LOG] SystemI::createSound                     : add node to async list : head = 000001A18DF37108.  list count = 0
[LOG] AsyncThread::threadFunc                  : Starting Asynchronous operation on sound 000001A565C20DB8
[LOG] SystemI::createSoundInternal             :     Create name='Assets/Plugins/FMOD/Resources/lawnmowerhero/Build/Desktop/Master.bank', mode=0x02010082
[LOG] SystemI::createSoundInternal             :     exinfo->cbsize             = 224
[LOG] SystemI::createSoundInternal             :     exinfo->length             = 1731840
[LOG] SystemI::createSoundInternal             :     exinfo->fileoffset         = 13728
[LOG] SystemI::createSoundInternal             :     exinfo->numsubsounds       = 1
[LOG] SystemI::createSoundInternal             :     exinfo->inclusionlist      = 000001A5661DC350
[LOG] SystemI::createSoundInternal             :     exinfo->inclusionlistnum   = 1
[LOG] SystemI::createSoundInternal             :     exinfo->suggestedsoundtype = 5
[LOG] SystemI::createSoundInternal             :     exinfo->initialseekpostype = 1
[LOG] SystemI::createSoundInternal             :     Stream 0/1: name='Alien deep house (basic)', format=5, channels=2, frequency=48000, lengthbytes=410496, lengthpcm=1440000, pcmblocksize=0, loopstart=0, loopend=0, mode=0x00000000, channelmask=0x00000000, channelorder=0, peakvolume=1.000000.
[LOG] AsyncThread::threadFunc                  : Finished Asynchronous operation on sound 000001A565C20DB8
[LOG] SoundI::release                          : Alien deep house (basic) (000001A4B5FF3098)
[LOG] SoundI::release                          :     Alien deep house (basic) (000001A4387A6098)
[LOG] SoundI::release                          :     Alien deep house (basic) (000001A565CFC7F8)
[LOG] SoundI::release                          : Alien deep house (basic) (000001A565C20DB8)
[LOG] SoundI::release                          :     Alien deep house (basic) (000001A4387A2958)
[LOG] SoundI::release                          :     Alien deep house (basic) (000001A565CFC9A8)
